<?xml version="1.0" encoding="UTF-8"?>
<!-- Generated by org.testng.reporters.JUnitXMLReporter -->
<testsuite ignored="8" hostname="MacBook-Air.broadband" failures="0" tests="1" name="Default test" time="4.223" errors="0" timestamp="2022-08-05T09:16:38 BST">
  <testcase classname="com.ra.demo.APITestingALL" name="testDelete" time="4.189"/>
  <testcase classname="com.ra.demo.APITestingALL" name="test3" time="0.0">
    <ignored/>
  </testcase> <!-- test3 -->
  <testcase classname="com.ra.demo.APITestingALL" name="testPut" time="0.0">
    <ignored/>
  </testcase> <!-- testPut -->
  <testcase classname="com.ra.demo.APITestingALL" name="test5" time="0.0">
    <ignored/>
  </testcase> <!-- test5 -->
  <testcase classname="com.ra.demo.APITestingALL" name="test2" time="0.0">
    <ignored/>
  </testcase> <!-- test2 -->
  <testcase classname="com.ra.demo.APITestingALL" name="testPost" time="0.0">
    <ignored/>
  </testcase> <!-- testPost -->
  <testcase classname="com.ra.demo.APITestingALL" name="test4" time="0.0">
    <ignored/>
  </testcase> <!-- test4 -->
  <testcase classname="com.ra.demo.APITestingALL" name="test1" time="0.0">
    <ignored/>
  </testcase> <!-- test1 -->
  <testcase classname="com.ra.demo.APITestingALL" name="testPatch" time="0.0">
    <ignored/>
  </testcase> <!-- testPatch -->
</testsuite> <!-- Default test -->
