<?xml version="1.0" encoding="UTF-8"?>
<testng-results ignored="0" total="1" passed="1" failed="0" skipped="0">
  <reporter-output>
  </reporter-output>
  <suite started-at="2022-08-04T14:50:26 BST" name="Default suite" finished-at="2022-08-04T14:50:30 BST" duration-ms="3869">
    <groups>
    </groups>
    <test started-at="2022-08-04T14:50:26 BST" name="Default test" finished-at="2022-08-04T14:50:30 BST" duration-ms="3869">
      <class name="demo.Tests_POST">
        <test-method signature="test_4_delete()[pri:0, instance:demo.Tests_POST@1eb5174b]" started-at="2022-08-04T14:50:26 BST" name="test_4_delete" finished-at="2022-08-04T14:50:30 BST" duration-ms="3833" status="PASS">
          <reporter-output>
          </reporter-output>
        </test-method> <!-- test_4_delete -->
      </class> <!-- demo.Tests_POST -->
    </test> <!-- Default test -->
  </suite> <!-- Default suite -->
</testng-results>
