<?xml version="1.0" encoding="UTF-8"?>
<testng-results ignored="8" total="9" passed="1" failed="0" skipped="0">
  <reporter-output>
  </reporter-output>
  <suite started-at="2022-08-05T09:16:34 BST" name="Default suite" finished-at="2022-08-05T09:16:38 BST" duration-ms="4223">
    <groups>
    </groups>
    <test started-at="2022-08-05T09:16:34 BST" name="Default test" finished-at="2022-08-05T09:16:38 BST" duration-ms="4223">
      <class name="com.ra.demo.APITestingALL">
        <test-method signature="testDelete()[pri:0, instance:com.ra.demo.APITestingALL@568ff82]" started-at="2022-08-05T09:16:34 BST" name="testDelete" finished-at="2022-08-05T09:16:38 BST" duration-ms="4189" status="PASS">
          <reporter-output>
          </reporter-output>
        </test-method> <!-- testDelete -->
      </class> <!-- com.ra.demo.APITestingALL -->
    </test> <!-- Default test -->
  </suite> <!-- Default suite -->
</testng-results>
